[debug] [2023-02-18T19:41:14.828Z] ----------------------------------------------------------------------
[debug] [2023-02-18T19:41:14.829Z] Command:       /snap/node/7065/bin/node /usr/local/bin/firebase init hosting
[debug] [2023-02-18T19:41:14.830Z] CLI Version:   11.23.1
[debug] [2023-02-18T19:41:14.830Z] Platform:      linux
[debug] [2023-02-18T19:41:14.830Z] Node Version:  v18.13.0
[debug] [2023-02-18T19:41:14.831Z] Time:          Sat Feb 18 2023 13:41:14 GMT-0600 (Central Standard Time)
[debug] [2023-02-18T19:41:14.831Z] ----------------------------------------------------------------------
[debug] 
[debug] [2023-02-18T19:41:14.836Z] > command requires scopes: ["email","openid","https://www.googleapis.com/auth/cloudplatformprojects.readonly","https://www.googleapis.com/auth/firebase","https://www.googleapis.com/auth/cloud-platform"]
[debug] [2023-02-18T19:41:14.837Z] > authorizing via signed-in user (davidcastrosi@hotmail.com)
[info] 
     ######## #### ########  ######## ########     ###     ######  ########
     ##        ##  ##     ## ##       ##     ##  ##   ##  ##       ##
     ######    ##  ########  ######   ########  #########  ######  ######
     ##        ##  ##    ##  ##       ##     ## ##     ##       ## ##
     ##       #### ##     ## ######## ########  ##     ##  ######  ########

You're about to initialize a Firebase project in this directory:

  /home/decs/Documents/Development/davidgpt/castro-bot

[info] 
=== Project Setup
[info] 
[info] First, let's associate this project directory with a Firebase project.
[info] You can create multiple project aliases by running firebase use --add, 
[info] but for now we'll just set up a default project.
[info] 
[debug] [2023-02-18T19:41:26.646Z] >>> [apiv2][query] GET https://firebase.googleapis.com/v1beta1/projects pageSize=100
[debug] [2023-02-18T19:41:27.569Z] <<< [apiv2][status] GET https://firebase.googleapis.com/v1beta1/projects 200
[debug] [2023-02-18T19:41:27.569Z] <<< [apiv2][body] GET https://firebase.googleapis.com/v1beta1/projects [omitted]
[info] i  Using project castro-bot (castro-bot) 
[info] 
=== Hosting Setup
[debug] [2023-02-18T19:41:29.838Z] SyntaxError: Unexpected end of JSON input
    at JSON.parse (<anonymous>)
    at findDependency (/usr/local/lib/node_modules/firebase-tools/lib/frameworks/index.js:120:23)
    at discover (/usr/local/lib/node_modules/firebase-tools/lib/frameworks/nuxt2/index.js:16:51)
    at async discover (/usr/local/lib/node_modules/firebase-tools/lib/frameworks/index.js:79:32)
    at async doSetup (/usr/local/lib/node_modules/firebase-tools/lib/init/features/hosting/index.js:21:11)
    at async init (/usr/local/lib/node_modules/firebase-tools/lib/init/index.js:36:9)
[error] 
[error] Error: An unexpected error has occurred.
